<?xml version="1.0" encoding="UTF-8"?>
<!-- Generated by org.testng.reporters.JUnitXMLReporter -->
<testsuite ignored="0" hostname="M5-L-CNM8103" failures="0" tests="8" name="Default test" time="2.099" errors="0" timestamp="2021-08-15T20:54:37 IST">
  <testcase classname="com.qa.test.AutomateApiUsingRestassured" name="ListsAllCustomerDetails" time="1.78"/>
  <testcase classname="com.qa.test.AutomateApiUsingRestassured" name="CustomerDetailsFound1" time="0.016"/>
  <testcase classname="com.qa.test.AutomateApiUsingRestassured" name="CustomerDetailsFound2" time="0.016"/>
  <testcase classname="com.qa.test.AutomateApiUsingRestassured" name="CustomerDetailsFound3" time="0.025"/>
  <testcase classname="com.qa.test.AutomateApiUsingRestassured" name="CustomerDetailsFound4" time="0.014"/>
  <testcase classname="com.qa.test.AutomateApiUsingRestassured" name="CustomerDetailsFound5" time="0.012"/>
  <testcase classname="com.qa.test.AutomateApiUsingRestassured" name="CustomerDetailsFound6" time="0.015"/>
  <testcase classname="com.qa.test.AutomateApiUsingRestassured" name="CustomerDetailsNotFound" time="0.02"/>
</testsuite> <!-- Default test -->
